<!DOCTYPE html PUBLIC "-//W3C//DTD XHTML 1.1//EN" "https://www.w3.org/TR/xhtml11/DTD/xhtml11.dtd">
<html xmlns="https://www.w3.org/1999/xhtml">
<head>
<meta http-equiv="content-type" content="text/html; charset=UTF-8"/>
<title>TestNG Report</title>
<style type="text/css">table {margin-bottom:10px;border-collapse:collapse;empty-cells:show}th,td {border:1px solid #009;padding:.25em .5em}th {vertical-align:bottom}td {vertical-align:top}table a {font-weight:bold}.stripe td {background-color: #E6EBF9}.num {text-align:right}.passedodd td {background-color: #3F3}.passedeven td {background-color: #0A0}.skippedodd td {background-color: #DDD}.skippedeven td {background-color: #CCC}.failedodd td,.attn {background-color: #F33}.failedeven td,.stripe .attn {background-color: #D00}.stacktrace {white-space:pre;font-family:monospace}.totop {font-size:85%;text-align:center;border-bottom:2px solid #000}.invisible {display:none}</style>
</head>
<body>
<table>
<tr><th>Test</th><th># Passed</th><th># Skipped</th><th># Retried</th><th># Failed</th><th>Time (ms)</th><th>Included Groups</th><th>Excluded Groups</th></tr>
<tr><th colspan="8">PetStore API Test Suite</th></tr>
<tr><td><a href="#t0">Pet API Tests</a></td><td class="num">4</td><td class="num">0</td><td class="num">0</td><td class="num">0</td><td class="num">8,515</td><td></td><td></td></tr>
<tr class="stripe"><td><a href="#t1">Store API Tests</a></td><td class="num">3</td><td class="num">0</td><td class="num">0</td><td class="num attn">1</td><td class="num">6,020</td><td></td><td></td></tr>
<tr><td><a href="#t2">User API Tests</a></td><td class="num">4</td><td class="num">0</td><td class="num">0</td><td class="num attn">1</td><td class="num">6,577</td><td></td><td></td></tr>
<tr><th>Total</th><th class="num">11</th><th class="num">0</th><th class="num">0</th><th class="num attn">2</th><th class="num">21,112</th><th colspan="2"></th></tr>
</table>
<table id='summary'><thead><tr><th>Class</th><th>Method</th><th>Start</th><th>Time (ms)</th></tr></thead><tbody><tr><th colspan="4">PetStore API Test Suite</th></tr></tbody><tbody id="t0"><tr><th colspan="4">Pet API Tests &#8212; passed</th></tr><tr class="passedeven"><td rowspan="4">Api_Tests.Pet_Tests</td><td><a href="#m0">createPet</a></td><td rowspan="1">1729517466336</td><td rowspan="1">3729</td></tr><tr class="passedeven"><td><a href="#m1">deletePet</a></td><td rowspan="1">1729517472778</td><td rowspan="1">2034</td></tr><tr class="passedeven"><td><a href="#m2">getPets</a></td><td rowspan="1">1729517470105</td><td rowspan="1">1390</td></tr><tr class="passedeven"><td><a href="#m3">updatePet</a></td><td rowspan="1">1729517471499</td><td rowspan="1">1277</td></tr></tbody>
<tbody id="t1"><tr><th colspan="4">Store API Tests &#8212; failed</th></tr><tr class="failedeven"><td rowspan="1">Api_Tests.Store_Tests</td><td><a href="#m4">getInventory</a></td><td rowspan="1">1729517474845</td><td rowspan="1">1044</td></tr><tr><th colspan="4">Store API Tests &#8212; passed</th></tr><tr class="passedeven"><td rowspan="3">Api_Tests.Store_Tests</td><td><a href="#m5">deleteOrder</a></td><td rowspan="1">1729517478776</td><td rowspan="1">2085</td></tr><tr class="passedeven"><td><a href="#m6">getOrderById</a></td><td rowspan="1">1729517477370</td><td rowspan="1">1405</td></tr><tr class="passedeven"><td><a href="#m7">placeOrder</a></td><td rowspan="1">1729517475893</td><td rowspan="1">1475</td></tr></tbody>
<tbody id="t2"><tr><th colspan="4">User API Tests &#8212; failed</th></tr><tr class="failedeven"><td rowspan="1">Api_Tests.User_Tests</td><td><a href="#m8">deleteUser</a></td><td rowspan="1">1729517485301</td><td rowspan="1">2146</td></tr><tr><th colspan="4">User API Tests &#8212; passed</th></tr><tr class="passedeven"><td rowspan="4">Api_Tests.User_Tests</td><td><a href="#m9">createUser</a></td><td rowspan="1">1729517480875</td><td rowspan="1">1049</td></tr><tr class="passedeven"><td><a href="#m10">getUserByUsername</a></td><td rowspan="1">1729517481926</td><td rowspan="1">1028</td></tr><tr class="passedeven"><td><a href="#m11">updateUser</a></td><td rowspan="1">1729517482956</td><td rowspan="1">988</td></tr><tr class="passedeven"><td><a href="#m12">validateUpdatedUser</a></td><td rowspan="1">1729517483946</td><td rowspan="1">1353</td></tr></tbody>
</table>
<h2>Pet API Tests</h2><h3 id="m0">Api_Tests.Pet_Tests#createPet</h3><table class="result"><tr><th class="invisible"/></tr></table><p class="totop"><a href="#summary">back to summary</a></p>
<h3 id="m1">Api_Tests.Pet_Tests#deletePet</h3><table class="result"><tr><th class="invisible"/></tr></table><p class="totop"><a href="#summary">back to summary</a></p>
<h3 id="m2">Api_Tests.Pet_Tests#getPets</h3><table class="result"><tr><th class="invisible"/></tr></table><p class="totop"><a href="#summary">back to summary</a></p>
<h3 id="m3">Api_Tests.Pet_Tests#updatePet</h3><table class="result"><tr><th class="invisible"/></tr></table><p class="totop"><a href="#summary">back to summary</a></p>
<h2>Store API Tests</h2><h3 id="m4">Api_Tests.Store_Tests#getInventory</h3><table class="result"><tr><th>Exception</th></tr><tr><td><div class="stacktrace">java.lang.AssertionError: 1 expectation failed.
Expected status code &lt;200&gt; but was &lt;500&gt;.

	at org.codehaus.groovy.runtime.callsite.ConstructorSite$ConstructorSiteNoUnwrapNoCoerce.callConstructor(ConstructorSite.java:108)
	at org.codehaus.groovy.runtime.callsite.CallSiteArray.defaultCallConstructor(CallSiteArray.java:57)
	at org.codehaus.groovy.runtime.callsite.AbstractCallSite.callConstructor(AbstractCallSite.java:263)
	at org.codehaus.groovy.runtime.callsite.AbstractCallSite.callConstructor(AbstractCallSite.java:277)
	at io.restassured.internal.ResponseSpecificationImpl$HamcrestAssertionClosure.validate(ResponseSpecificationImpl.groovy:512)
	at io.restassured.internal.ResponseSpecificationImpl$HamcrestAssertionClosure$validate$1.call(Unknown Source)
	at io.restassured.internal.ResponseSpecificationImpl.validateResponseIfRequired(ResponseSpecificationImpl.groovy:696)
	at io.restassured.internal.ResponseSpecificationImpl.this$2$validateResponseIfRequired(ResponseSpecificationImpl.groovy)
	at org.codehaus.groovy.runtime.callsite.PlainObjectMetaMethodSite.doInvoke(PlainObjectMetaMethodSite.java:43)
	at org.codehaus.groovy.runtime.callsite.PogoMetaMethodSite$PogoCachedMethodSiteNoUnwrapNoCoerce.invoke(PogoMetaMethodSite.java:198)
	at org.codehaus.groovy.runtime.callsite.PogoMetaMethodSite.callCurrent(PogoMetaMethodSite.java:62)
	at org.codehaus.groovy.runtime.callsite.AbstractCallSite.callCurrent(AbstractCallSite.java:185)
	at io.restassured.internal.ResponseSpecificationImpl.statusCode(ResponseSpecificationImpl.groovy:135)
	at io.restassured.specification.ResponseSpecification$statusCode$0.callCurrent(Unknown Source)
	at io.restassured.internal.ResponseSpecificationImpl.statusCode(ResponseSpecificationImpl.groovy:143)
	at io.restassured.internal.ValidatableResponseOptionsImpl.statusCode(ValidatableResponseOptionsImpl.java:89)
	at Api_Tests.Store_Tests.getInventory(Store_Tests.java:36)
	at java.base/java.util.ArrayList.forEach(ArrayList.java:1597)
... Removed 31 stack frames</div></td></tr></table><p class="totop"><a href="#summary">back to summary</a></p>
<h3 id="m5">Api_Tests.Store_Tests#deleteOrder</h3><table class="result"><tr><th class="invisible"/></tr></table><p class="totop"><a href="#summary">back to summary</a></p>
<h3 id="m6">Api_Tests.Store_Tests#getOrderById</h3><table class="result"><tr><th class="invisible"/></tr></table><p class="totop"><a href="#summary">back to summary</a></p>
<h3 id="m7">Api_Tests.Store_Tests#placeOrder</h3><table class="result"><tr><th class="invisible"/></tr></table><p class="totop"><a href="#summary">back to summary</a></p>
<h2>User API Tests</h2><h3 id="m8">Api_Tests.User_Tests#deleteUser</h3><table class="result"><tr><th>Exception</th></tr><tr><td><div class="stacktrace">java.lang.AssertionError: 1 expectation failed.
Expected status code &lt;404&gt; but was &lt;500&gt;.

	at org.codehaus.groovy.runtime.callsite.ConstructorSite$ConstructorSiteNoUnwrapNoCoerce.callConstructor(ConstructorSite.java:108)
	at org.codehaus.groovy.runtime.callsite.AbstractCallSite.callConstructor(AbstractCallSite.java:277)
	at io.restassured.internal.ResponseSpecificationImpl$HamcrestAssertionClosure.validate(ResponseSpecificationImpl.groovy:512)
	at io.restassured.internal.ResponseSpecificationImpl$HamcrestAssertionClosure$validate$1.call(Unknown Source)
	at io.restassured.internal.ResponseSpecificationImpl.validateResponseIfRequired(ResponseSpecificationImpl.groovy:696)
	at io.restassured.internal.ResponseSpecificationImpl.this$2$validateResponseIfRequired(ResponseSpecificationImpl.groovy)
	at org.codehaus.groovy.runtime.callsite.PlainObjectMetaMethodSite.doInvoke(PlainObjectMetaMethodSite.java:43)
	at org.codehaus.groovy.runtime.callsite.PogoMetaMethodSite$PogoCachedMethodSiteNoUnwrapNoCoerce.invoke(PogoMetaMethodSite.java:198)
	at org.codehaus.groovy.runtime.callsite.PogoMetaMethodSite.callCurrent(PogoMetaMethodSite.java:62)
	at org.codehaus.groovy.runtime.callsite.AbstractCallSite.callCurrent(AbstractCallSite.java:185)
	at io.restassured.internal.ResponseSpecificationImpl.statusCode(ResponseSpecificationImpl.groovy:135)
	at io.restassured.specification.ResponseSpecification$statusCode$0.callCurrent(Unknown Source)
	at io.restassured.internal.ResponseSpecificationImpl.statusCode(ResponseSpecificationImpl.groovy:143)
	at io.restassured.internal.ValidatableResponseOptionsImpl.statusCode(ValidatableResponseOptionsImpl.java:89)
	at Api_Tests.User_Tests.deleteUser(User_Tests.java:147)
	at java.base/java.util.ArrayList.forEach(ArrayList.java:1597)
... Removed 31 stack frames</div></td></tr></table><p class="totop"><a href="#summary">back to summary</a></p>
<h3 id="m9">Api_Tests.User_Tests#createUser</h3><table class="result"><tr><th class="invisible"/></tr></table><p class="totop"><a href="#summary">back to summary</a></p>
<h3 id="m10">Api_Tests.User_Tests#getUserByUsername</h3><table class="result"><tr><th class="invisible"/></tr></table><p class="totop"><a href="#summary">back to summary</a></p>
<h3 id="m11">Api_Tests.User_Tests#updateUser</h3><table class="result"><tr><th class="invisible"/></tr></table><p class="totop"><a href="#summary">back to summary</a></p>
<h3 id="m12">Api_Tests.User_Tests#validateUpdatedUser</h3><table class="result"><tr><th class="invisible"/></tr></table><p class="totop"><a href="#summary">back to summary</a></p>
</body>
</html>
